found 1 PDF(s)
[ocr ] cagan-inspired-2ed-2017.pdf (10.5 MB)
  [ok ] 295 pages → raw/books-md/reocr/cagan-inspired-2ed-2017.md

done: 1 ok, 0 failed, 295 pages, ~$0.295 USD
found 1 PDF(s)
[ocr ] wiener-cybernetics-2ed-1961.pdf (8.6 MB)
  [ok ] 226 pages → raw/books-md/reocr/wiener-cybernetics-2ed-1961.md

done: 1 ok, 0 failed, 226 pages, ~$0.226 USD
found 1 PDF(s)
[ocr ] beer-brain-of-the-firm-1972.pdf (36.2 MB)
  [ok ] 427 pages → raw/books-md/reocr/beer-brain-of-the-firm-1972.md

done: 1 ok, 0 failed, 427 pages, ~$0.427 USD
found 1 PDF(s)
[ocr ] grove-only-paranoid-survive-1996.pdf (35.6 MB)
  [ok ] 103 pages → raw/books-md/reocr/grove-only-paranoid-survive-1996.md

done: 1 ok, 0 failed, 103 pages, ~$0.103 USD
found 1 PDF(s)
[ocr ] popper-conjectures-and-refutations-1963.pdf (6.2 MB)
  [ok ] 418 pages → raw/books-md/reocr/popper-conjectures-and-refutations-1963.md

done: 1 ok, 0 failed, 418 pages, ~$0.418 USD
